#
# There is insufficient memory for the Java Runtime Environment to continue.
# Native memory allocation (malloc) failed to allocate 2229936 bytes for Chunk::new
# Possible reasons:
#   The system is out of physical RAM or swap space
#   The process is running with CompressedOops enabled, and the Java Heap may be blocking the growth of the native heap
# Possible solutions:
#   Reduce memory load on the system
#   Increase physical memory or swap space
#   Check if swap backing store is full
#   Decrease Java heap size (-Xmx/-Xms)
#   Decrease number of Java threads
#   Decrease Java thread stack sizes (-Xss)
#   Set larger code cache with -XX:ReservedCodeCacheSize=
#   JVM is running with Unscaled Compressed Oops mode in which the Java heap is
#     placed in the first 4GB address space. The Java Heap base address is the
#     maximum limit for the native heap growth. Please use -XX:HeapBaseMinAddress
#     to set the Java Heap base and to place the Java Heap above 4GB virtual address.
# This output file may be truncated or incomplete.
#
#  Out of Memory Error (c:/BuildAgent/work/5ff2f6c26000d570/src/hotspot/share/memory/arena.cpp:197), pid=4864, tid=7084
#
# JRE version: OpenJDK Runtime Environment (11.0.5+10) (build 11.0.5+10-b520.38)
# Java VM: OpenJDK 64-Bit Server VM (11.0.5+10-b520.38, mixed mode, sharing, tiered, compressed oops, g1 gc, windows-amd64)
# No core dump will be written. Minidumps are not enabled by default on client versions of Windows
#

---------------  S U M M A R Y ------------

Command Line: --add-opens=java.base/java.util=ALL-UNNAMED --add-opens=java.base/java.lang=ALL-UNNAMED --add-opens=java.base/java.lang.invoke=ALL-UNNAMED --add-opens=java.prefs/java.util.prefs=ALL-UNNAMED -Xmx1536m -Dfile.encoding=windows-1252 -Duser.country=CO -Duser.language=es -Duser.variant org.gradle.launcher.daemon.bootstrap.GradleDaemon 5.6.4

Host: Intel(R) Core(TM) i5-4210U CPU @ 1.70GHz, 4 cores, 7G,  Windows 8.1 , 64 bit Build 9600 (6.3.9600.19538)
Time: Mon May 11 16:30:55 2020 Hora est. Pacífico, Sudamérica elapsed time: 2785 seconds (0d 0h 46m 25s)

---------------  T H R E A D  ---------------

Current thread (0x0000002190d07000):  JavaThread "C2 CompilerThread1" daemon [_thread_in_native, id=7084, stack(0x0000002196db0000,0x0000002196eb0000)]


Current CompileTask:
C2:2785623 20201       4       org.gradle.api.internal.artifacts.ivyservice.resolveengine.graph.builder.DependencyGraphBuilder::performSelectionSerially (67 bytes)

Stack: [0x0000002196db0000,0x0000002196eb0000]
Native frames: (J=compiled Java code, j=interpreted, Vv=VM code, C=native code)
V  [jvm.dll+0x5dcafa]
V  [jvm.dll+0x70e375]
V  [jvm.dll+0x70f898]
V  [jvm.dll+0x70ff63]
V  [jvm.dll+0x23e238]
V  [jvm.dll+0xb8a9c]
V  [jvm.dll+0xb8fac]
V  [jvm.dll+0x34fc9d]
V  [jvm.dll+0x193f6c]
V  [jvm.dll+0x1f79ce]
V  [jvm.dll+0x1f6a94]
V  [jvm.dll+0x17f6fc]
V  [jvm.dll+0x204f77]
V  [jvm.dll+0x2037f1]
V  [jvm.dll+0x6d835f]
V  [jvm.dll+0x6d114d]
V  [jvm.dll+0x5dbdd6]
C  [ucrtbase.DLL+0x1c1ae]
C  [KERNEL32.DLL+0x13d2]
C  [ntdll.dll+0x154f4]


---------------  P R O C E S S  ---------------

Threads class SMR info:
_java_thread_list=0x00000021935eb170, length=47, elements={
0x00000021f38e3800, 0x00000021fda56000, 0x00000021fda57800, 0x00000021fda74000,
0x00000021fda76800, 0x00000021fda7a000, 0x00000021fda81800, 0x00000021fda85000,
0x00000021feec9800, 0x00000021feed1000, 0x000000218fe7b000, 0x000000219058a000,
0x000000218f4ec000, 0x00000021907fd000, 0x00000021907fb000, 0x00000021907fd800,
0x0000002190801000, 0x0000002190d0b800, 0x0000002190d0f000, 0x000000219050d800,
0x0000002190d0b000, 0x0000002190d02000, 0x0000002190d02800, 0x0000002190d00800,
0x0000002190d01000, 0x0000002190d05000, 0x0000002190d04800, 0x0000002190d07800,
0x0000002190d08800, 0x0000002190d06000, 0x0000002190d09800, 0x0000002190d07000,
0x0000002190d0c800, 0x0000002190d0e000, 0x0000002190d0d800, 0x00000021904ff800,
0x0000002190500800, 0x0000002190501800, 0x0000002190504800, 0x0000002190502000,
0x0000002190504000, 0x0000002190505800, 0x0000002190503000, 0x0000002190508000,
0x0000002190507000, 0x0000002190508800, 0x0000002190506000
}

Java Threads: ( => current thread )
  0x00000021f38e3800 JavaThread "main" [_thread_blocked, id=1568, stack(0x00000021f1760000,0x00000021f1860000)]
  0x00000021fda56000 JavaThread "Reference Handler" daemon [_thread_blocked, id=9480, stack(0x00000021fe5c0000,0x00000021fe6c0000)]
  0x00000021fda57800 JavaThread "Finalizer" daemon [_thread_blocked, id=13132, stack(0x00000021fe6c0000,0x00000021fe7c0000)]
  0x00000021fda74000 JavaThread "Signal Dispatcher" daemon [_thread_blocked, id=3940, stack(0x00000021fe8c0000,0x00000021fe9c0000)]
  0x00000021fda76800 JavaThread "Attach Listener" daemon [_thread_blocked, id=13684, stack(0x00000021fe9c0000,0x00000021feac0000)]
  0x00000021fda7a000 JavaThread "C2 CompilerThread0" daemon [_thread_blocked, id=4940, stack(0x00000021feac0000,0x00000021febc0000)]
  0x00000021fda81800 JavaThread "C1 CompilerThread0" daemon [_thread_blocked, id=13568, stack(0x00000021febc0000,0x00000021fecc0000)]
  0x00000021fda85000 JavaThread "Sweeper thread" daemon [_thread_blocked, id=4132, stack(0x00000021fecc0000,0x00000021fedc0000)]
  0x00000021feec9800 JavaThread "Common-Cleaner" daemon [_thread_blocked, id=8528, stack(0x00000021ff1c0000,0x00000021ff2c0000)]
  0x00000021feed1000 JavaThread "Service Thread" daemon [_thread_blocked, id=11572, stack(0x00000021ff2c0000,0x00000021ff3c0000)]
  0x000000218fe7b000 JavaThread "Daemon health stats" [_thread_blocked, id=3432, stack(0x0000002190fa0000,0x00000021910a0000)]
  0x000000219058a000 JavaThread "Incoming local TCP Connector on port 64675" [_thread_in_native, id=7756, stack(0x0000002191380000,0x0000002191480000)]
  0x000000218f4ec000 JavaThread "Daemon periodic checks" [_thread_blocked, id=4776, stack(0x0000002191580000,0x0000002191680000)]
  0x00000021907fd000 JavaThread "Cache worker for file hash cache (C:\Users\Administrador\.gradle\caches\5.6.4\fileHashes)" [_thread_blocked, id=13904, stack(0x0000002192080000,0x0000002192180000)]
  0x00000021907fb000 JavaThread "File lock request listener" [_thread_in_native, id=6096, stack(0x0000002192180000,0x0000002192280000)]
  0x00000021907fd800 JavaThread "Cache worker for journal cache (C:\Users\Administrador\.gradle\caches\journal-1)" [_thread_blocked, id=1324, stack(0x0000002192280000,0x0000002192380000)]
  0x0000002190801000 JavaThread "Cache worker for execution history cache (C:\Users\Administrador\.gradle\caches\5.6.4\executionHistory)" [_thread_blocked, id=7116, stack(0x00000021957e0000,0x00000021958e0000)]
  0x0000002190d0b800 JavaThread "Memory manager" [_thread_blocked, id=5760, stack(0x0000002198670000,0x0000002198770000)]
  0x0000002190d0f000 JavaThread "Cache worker for file content cache (C:\Users\Administrador\.gradle\caches\5.6.4\fileContent)" [_thread_blocked, id=7748, stack(0x0000002199970000,0x0000002199a70000)]
  0x000000219050d800 JavaThread "ForkJoinPool.commonPool-worker-7" daemon [_thread_blocked, id=920, stack(0x000000219e380000,0x000000219e480000)]
  0x0000002190d0b000 JavaThread "ForkJoinPool.commonPool-worker-3" daemon [_thread_blocked, id=13608, stack(0x000000219e080000,0x000000219e180000)]
  0x0000002190d02000 JavaThread "Daemon Thread 15" [_thread_blocked, id=13924, stack(0x0000002191680000,0x0000002191780000)]
  0x0000002190d02800 JavaThread "Handler for socket connection from /127.0.0.1:64675 to /127.0.0.1:65289" [_thread_in_native, id=11112, stack(0x0000002191980000,0x0000002191a80000)]
  0x0000002190d00800 JavaThread "Cancel handler" [_thread_blocked, id=7460, stack(0x0000002191a80000,0x0000002191b80000)]
  0x0000002190d01000 JavaThread "Daemon worker Thread 15" [_thread_blocked, id=9696, stack(0x0000002191b80000,0x0000002191c80000)]
  0x0000002190d05000 JavaThread "Asynchronous log dispatcher for DefaultDaemonConnection: socket connection from /127.0.0.1:64675 to /127.0.0.1:65289" [_thread_in_native, id=10640, stack(0x0000002191f80000,0x0000002192080000)]
  0x0000002190d04800 JavaThread "Stdin handler" [_thread_blocked, id=7732, stack(0x0000002192880000,0x0000002192980000)]
  0x0000002190d07800 JavaThread "Thread-512" [_thread_blocked, id=12584, stack(0x0000002192d80000,0x0000002192e80000)]
  0x0000002190d08800 JavaThread "Cache worker for file hash cache (D:\trabajo entragar\aplicacionMovil\.gradle\5.6.4\fileHashes)" [_thread_blocked, id=13144, stack(0x0000002194510000,0x0000002194610000)]
  0x0000002190d06000 JavaThread "Cache worker for cache directory md-supplier (C:\Users\Administrador\.gradle\caches\5.6.4\md-supplier)" [_thread_blocked, id=11936, stack(0x0000002195ae0000,0x0000002195be0000)]
  0x0000002190d09800 JavaThread "Cache worker for cache directory md-rule (C:\Users\Administrador\.gradle\caches\5.6.4\md-rule)" [_thread_blocked, id=772, stack(0x00000021968b0000,0x00000021969b0000)]
=>0x0000002190d07000 JavaThread "C2 CompilerThread1" daemon [_thread_in_native, id=7084, stack(0x0000002196db0000,0x0000002196eb0000)]
  0x0000002190d0c800 JavaThread "Build operations" [_thread_blocked, id=3184, stack(0x00000021980f0000,0x00000021981f0000)]
  0x0000002190d0e000 JavaThread "Build operations Thread 2" [_thread_blocked, id=9680, stack(0x0000002199b30000,0x0000002199c30000)]
  0x0000002190d0d800 JavaThread "Build operations Thread 3" [_thread_blocked, id=12480, stack(0x000000219a250000,0x000000219a350000)]
  0x00000021904ff800 JavaThread "Build operations Thread 4" [_thread_blocked, id=6924, stack(0x000000219a550000,0x000000219a650000)]
  0x0000002190500800 JavaThread "Cache worker for Build Output Cleanup Cache (D:\trabajo entragar\aplicacionMovil\.gradle\buildOutputCleanup)" [_thread_blocked, id=3624, stack(0x000000219ac50000,0x000000219ad50000)]
  0x0000002190501800 JavaThread "Cache worker for file content cache (D:\trabajo entragar\aplicacionMovil\.gradle\5.6.4\fileContent)" [_thread_blocked, id=13584, stack(0x000000219af50000,0x000000219b050000)]
  0x0000002190504800 JavaThread "Execution worker for ':'" [_thread_blocked, id=13404, stack(0x000000219b050000,0x000000219b150000)]
  0x0000002190502000 JavaThread "Execution worker for ':' Thread 2" [_thread_blocked, id=11728, stack(0x000000219b150000,0x000000219b250000)]
  0x0000002190504000 JavaThread "Execution worker for ':' Thread 3" [_thread_blocked, id=10760, stack(0x000000219b250000,0x000000219b350000)]
  0x0000002190505800 JavaThread "Cache worker for execution history cache (D:\trabajo entragar\aplicacionMovil\.gradle\5.6.4\executionHistory)" [_thread_blocked, id=9656, stack(0x000000219b580000,0x000000219b680000)]
  0x0000002190503000 JavaThread "WorkerExecutor Queue" [_thread_blocked, id=10944, stack(0x000000219da80000,0x000000219db80000)]
  0x0000002190508000 JavaThread "pool-60-thread-1" [_thread_blocked, id=9292, stack(0x000000219de80000,0x000000219df80000)]
  0x0000002190507000 JavaThread "stderr" [_thread_in_native, id=10776, stack(0x000000219df80000,0x000000219e080000)]
  0x0000002190508800 JavaThread "stdout" [_thread_in_native, id=7452, stack(0x000000219e180000,0x000000219e280000)]
  0x0000002190506000 JavaThread "WorkerExecutor Queue Thread 2" [_thread_blocked, id=9596, stack(0x000000219e280000,0x000000219e380000)]

Other Threads:
  0x00000021fda4f000 VMThread "VM Thread" [stack: 0x00000021fe4c0000,0x00000021fe5c0000] [id=6204]
  0x00000021feedb000 WatcherThread [stack: 0x00000021ff3c0000,0x00000021ff4c0000] [id=8756]
  0x00000021f38fd000 GCTaskThread "GC Thread#0" [stack: 0x00000021f32a0000,0x00000021f33a0000] [id=11336]
  0x00000021ffaaa000 GCTaskThread "GC Thread#1" [stack: 0x00000021ff4c0000,0x00000021ff5c0000] [id=10648]
  0x00000021ff097000 GCTaskThread "GC Thread#2" [stack: 0x00000021ffdc0000,0x00000021ffec0000] [id=11040]
  0x0000002190323000 GCTaskThread "GC Thread#3" [stack: 0x0000002192580000,0x0000002192680000] [id=10252]
  0x00000021f3921800 ConcurrentGCThread "G1 Main Marker" [stack: 0x00000021fb280000,0x00000021fb380000] [id=8032]
  0x00000021f3923000 ConcurrentGCThread "G1 Conc#0" [stack: 0x00000021fb380000,0x00000021fb480000] [id=5016]
  0x00000021fd8e6800 ConcurrentGCThread "G1 Refine#0" [stack: 0x00000021fdac0000,0x00000021fdbc0000] [id=3792]
  0x00000021fd8e7000 ConcurrentGCThread "G1 Young RemSet Sampling" [stack: 0x00000021fdbc0000,0x00000021fdcc0000] [id=8316]

Threads with active compile tasks:
C2 CompilerThread12787851 20201       4       org.gradle.api.internal.artifacts.ivyservice.resolveengine.graph.builder.DependencyGraphBuilder::performSelectionSerially (67 bytes)

VM state:not at safepoint (normal execution)

VM Mutex/Monitor currently owned by a thread: None

Heap address: 0x00000000a0000000, size: 1536 MB, Compressed Oops mode: 32-bit
Narrow klass base: 0x0000000800000000, Narrow klass shift: 3
Compressed class space size: 1073741824 Address: 0x0000000840000000

Heap:
 garbage-first heap   total 246784K, used 154420K [0x00000000a0000000, 0x0000000100000000)
  region size 1024K, 58 young (59392K), 12 survivors (12288K)
 Metaspace       used 87432K, capacity 90846K, committed 90920K, reserved 1128448K
  class space    used 11066K, capacity 12183K, committed 12236K, reserved 1048576K
Heap Regions: E=young(eden), S=young(survivor), O=old, HS=humongous(starts), HC=humongous(continues), CS=collection set, F=free, A=archive, TAMS=top-at-mark-start (previous, next)
|   0|0x00000000a0000000, 0x00000000a0100000, 0x00000000a0100000|100%| O|  |TAMS 0x00000000a0100000, 0x00000000a0000000| Untracked 
|   1|0x00000000a0100000, 0x00000000a0200000, 0x00000000a0200000|100%| O|  |TAMS 0x00000000a0200000, 0x00000000a0100000| Untracked 
|   2|0x00000000a0200000, 0x00000000a0300000, 0x00000000a0300000|100%| O|  |TAMS 0x00000000a0300000, 0x00000000a0200000| Untracked 
|   3|0x00000000a0300000, 0x00000000a0400000, 0x00000000a0400000|100%|HS|  |TAMS 0x00000000a0400000, 0x00000000a0300000| Complete 
|   4|0x00000000a0400000, 0x00000000a0500000, 0x00000000a0500000|100%|HC|  |TAMS 0x00000000a0500000, 0x00000000a0400000| Complete 
|   5|0x00000000a0500000, 0x00000000a0600000, 0x00000000a0600000|100%|HC|  |TAMS 0x00000000a0600000, 0x00000000a0500000| Complete 
|   6|0x00000000a0600000, 0x00000000a0700000, 0x00000000a0700000|100%| O|  |TAMS 0x00000000a0700000, 0x00000000a0600000| Untracked 
|   7|0x00000000a0700000, 0x00000000a0800000, 0x00000000a0800000|100%| O|  |TAMS 0x00000000a0800000, 0x00000000a0700000| Untracked 
|   8|0x00000000a0800000, 0x00000000a0900000, 0x00000000a0900000|100%| O|  |TAMS 0x00000000a0900000, 0x00000000a0800000| Untracked 
|   9|0x00000000a0900000, 0x00000000a0a00000, 0x00000000a0a00000|100%| O|  |TAMS 0x00000000a0a00000, 0x00000000a0900000| Untracked 
|  10|0x00000000a0a00000, 0x00000000a0b00000, 0x00000000a0b00000|100%| O|  |TAMS 0x00000000a0b00000, 0x00000000a0a00000| Untracked 
|  11|0x00000000a0b00000, 0x00000000a0c00000, 0x00000000a0c00000|100%| O|  |TAMS 0x00000000a0c00000, 0x00000000a0b00000| Untracked 
|  12|0x00000000a0c00000, 0x00000000a0d00000, 0x00000000a0d00000|100%| O|  |TAMS 0x00000000a0d00000, 0x00000000a0c00000| Untracked 
|  13|0x00000000a0d00000, 0x00000000a0e00000, 0x00000000a0e00000|100%| O|  |TAMS 0x00000000a0e00000, 0x00000000a0d00000| Untracked 
|  14|0x00000000a0e00000, 0x00000000a0f00000, 0x00000000a0f00000|100%| O|  |TAMS 0x00000000a0f00000, 0x00000000a0e00000| Untracked 
|  15|0x00000000a0f00000, 0x00000000a1000000, 0x00000000a1000000|100%| O|  |TAMS 0x00000000a1000000, 0x00000000a0f00000| Untracked 
|  16|0x00000000a1000000, 0x00000000a1100000, 0x00000000a1100000|100%| O|  |TAMS 0x00000000a1100000, 0x00000000a1000000| Untracked 
|  17|0x00000000a1100000, 0x00000000a1200000, 0x00000000a1200000|100%| O|  |TAMS 0x00000000a1200000, 0x00000000a1100000| Untracked 
|  18|0x00000000a1200000, 0x00000000a1300000, 0x00000000a1300000|100%| O|  |TAMS 0x00000000a1300000, 0x00000000a1200000| Untracked 
|  19|0x00000000a1300000, 0x00000000a1400000, 0x00000000a1400000|100%|HS|  |TAMS 0x00000000a1400000, 0x00000000a1300000| Complete 
|  20|0x00000000a1400000, 0x00000000a1500000, 0x00000000a1500000|100%|HC|  |TAMS 0x00000000a1500000, 0x00000000a1400000| Complete 
|  21|0x00000000a1500000, 0x00000000a1600000, 0x00000000a1600000|100%|HS|  |TAMS 0x00000000a1600000, 0x00000000a1500000| Complete 
|  22|0x00000000a1600000, 0x00000000a1700000, 0x00000000a1700000|100%|HC|  |TAMS 0x00000000a1700000, 0x00000000a1600000| Complete 
|  23|0x00000000a1700000, 0x00000000a1800000, 0x00000000a1800000|100%| O|  |TAMS 0x00000000a1800000, 0x00000000a1700000| Untracked 
|  24|0x00000000a1800000, 0x00000000a1900000, 0x00000000a1900000|100%| O|  |TAMS 0x00000000a1900000, 0x00000000a1800000| Untracked 
|  25|0x00000000a1900000, 0x00000000a1a00000, 0x00000000a1a00000|100%| O|  |TAMS 0x00000000a1a00000, 0x00000000a1900000| Untracked 
|  26|0x00000000a1a00000, 0x00000000a1b00000, 0x00000000a1b00000|100%| O|  |TAMS 0x00000000a1b00000, 0x00000000a1a00000| Untracked 
|  27|0x00000000a1b00000, 0x00000000a1c00000, 0x00000000a1c00000|100%| O|  |TAMS 0x00000000a1c00000, 0x00000000a1b00000| Untracked 
|  28|0x00000000a1c00000, 0x00000000a1d00000, 0x00000000a1d00000|100%|HS|  |TAMS 0x00000000a1c00000, 0x00000000a1c00000| Complete 
|  29|0x00000000a1d00000, 0x00000000a1e00000, 0x00000000a1e00000|100%| O|  |TAMS 0x00000000a1e00000, 0x00000000a1d00000| Untracked 
|  30|0x00000000a1e00000, 0x00000000a1f00000, 0x00000000a1f00000|100%| O|  |TAMS 0x00000000a1f00000, 0x00000000a1e00000| Untracked 
|  31|0x00000000a1f00000, 0x00000000a2000000, 0x00000000a2000000|100%| O|  |TAMS 0x00000000a2000000, 0x00000000a1f00000| Untracked 
|  32|0x00000000a2000000, 0x00000000a2100000, 0x00000000a2100000|100%| O|  |TAMS 0x00000000a2100000, 0x00000000a2000000| Untracked 
|  33|0x00000000a2100000, 0x00000000a2200000, 0x00000000a2200000|100%| O|  |TAMS 0x00000000a2200000, 0x00000000a2100000| Untracked 
|  34|0x00000000a2200000, 0x00000000a2300000, 0x00000000a2300000|100%| O|  |TAMS 0x00000000a2300000, 0x00000000a2200000| Untracked 
|  35|0x00000000a2300000, 0x00000000a2400000, 0x00000000a2400000|100%| O|  |TAMS 0x00000000a2300000, 0x00000000a2300000| Untracked 
|  36|0x00000000a2400000, 0x00000000a2500000, 0x00000000a2500000|100%| O|  |TAMS 0x00000000a2500000, 0x00000000a2400000| Untracked 
|  37|0x00000000a2500000, 0x00000000a2600000, 0x00000000a2600000|100%| O|  |TAMS 0x00000000a2600000, 0x00000000a2500000| Untracked 
|  38|0x00000000a2600000, 0x00000000a2600000, 0x00000000a2700000|  0%| F|  |TAMS 0x00000000a2600000, 0x00000000a2600000| Untracked 
|  39|0x00000000a2700000, 0x00000000a2700000, 0x00000000a2800000|  0%| F|  |TAMS 0x00000000a2700000, 0x00000000a2700000| Untracked 
|  40|0x00000000a2800000, 0x00000000a2900000, 0x00000000a2900000|100%| O|  |TAMS 0x00000000a2900000, 0x00000000a2800000| Untracked 
|  41|0x00000000a2900000, 0x00000000a2a00000, 0x00000000a2a00000|100%| O|  |TAMS 0x00000000a2a00000, 0x00000000a2900000| Untracked 
|  42|0x00000000a2a00000, 0x00000000a2b00000, 0x00000000a2b00000|100%| O|  |TAMS 0x00000000a2a00000, 0x00000000a2a00000| Untracked 
|  43|0x00000000a2b00000, 0x00000000a2c00000, 0x00000000a2c00000|100%| O|  |TAMS 0x00000000a2c00000, 0x00000000a2b00000| Untracked 
|  44|0x00000000a2c00000, 0x00000000a2d00000, 0x00000000a2d00000|100%| O|  |TAMS 0x00000000a2d00000, 0x00000000a2c00000| Untracked 
|  45|0x00000000a2d00000, 0x00000000a2e00000, 0x00000000a2e00000|100%| O|  |TAMS 0x00000000a2e00000, 0x00000000a2d00000| Untracked 
|  46|0x00000000a2e00000, 0x00000000a2f00000, 0x00000000a2f00000|100%| O|  |TAMS 0x00000000a2e00000, 0x00000000a2e00000| Untracked 
|  47|0x00000000a2f00000, 0x00000000a3000000, 0x00000000a3000000|100%| O|  |TAMS 0x00000000a3000000, 0x00000000a2f00000| Untracked 
|  48|0x00000000a3000000, 0x00000000a3100000, 0x00000000a3100000|100%| O|  |TAMS 0x00000000a3000000, 0x00000000a3000000| Untracked 
|  49|0x00000000a3100000, 0x00000000a3200000, 0x00000000a3200000|100%| O|  |TAMS 0x00000000a3100000, 0x00000000a3100000| Untracked 
|  50|0x00000000a3200000, 0x00000000a3300000, 0x00000000a3300000|100%| O|  |TAMS 0x00000000a3300000, 0x00000000a3200000| Untracked 
|  51|0x00000000a3300000, 0x00000000a3400000, 0x00000000a3400000|100%| O|  |TAMS 0x00000000a3400000, 0x00000000a3300000| Untracked 
|  52|0x00000000a3400000, 0x00000000a3500000, 0x00000000a3500000|100%| O|  |TAMS 0x00000000a3500000, 0x00000000a3400000| Untracked 
|  53|0x00000000a3500000, 0x00000000a3600000, 0x00000000a3600000|100%| O|  |TAMS 0x00000000a3600000, 0x00000000a3500000| Untracked 
|  54|0x00000000a3600000, 0x00000000a3700000, 0x00000000a3700000|100%| O|  |TAMS 0x00000000a3700000, 0x00000000a3600000| Untracked 
|  55|0x00000000a3700000, 0x00000000a3800000, 0x00000000a3800000|100%| O|  |TAMS 0x00000000a3700000, 0x00000000a3700000| Untracked 
|  56|0x00000000a3800000, 0x00000000a3900000, 0x00000000a3900000|100%|HS|  |TAMS 0x00000000a3900000, 0x00000000a3800000| Complete 
|  57|0x00000000a3900000, 0x00000000a3a00000, 0x00000000a3a00000|100%|HC|  |TAMS 0x00000000a3a00000, 0x00000000a3900000| Complete 
|  58|0x00000000a3a00000, 0x00000000a3b00000, 0x00000000a3b00000|100%| O|  |TAMS 0x00000000a3b00000, 0x00000000a3a00000| Untracked 
|  59|0x00000000a3b00000, 0x00000000a3c00000, 0x00000000a3c00000|100%| O|  |TAMS 0x00000000a3c00000, 0x00000000a3b00000| Untracked 
|  60|0x00000000a3c00000, 0x00000000a3d00000, 0x00000000a3d00000|100%|HS|  |TAMS 0x00000000a3d00000, 0x00000000a3c00000| Complete 
|  61|0x00000000a3d00000, 0x00000000a3e00000, 0x00000000a3e00000|100%|HC|  |TAMS 0x00000000a3e00000, 0x00000000a3d00000| Complete 
|  62|0x00000000a3e00000, 0x00000000a3f00000, 0x00000000a3f00000|100%|HC|  |TAMS 0x00000000a3f00000, 0x00000000a3e00000| Complete 
|  63|0x00000000a3f00000, 0x00000000a4000000, 0x00000000a4000000|100%| O|  |TAMS 0x00000000a4000000, 0x00000000a3f00000| Untracked 
|  64|0x00000000a4000000, 0x00000000a4100000, 0x00000000a4100000|100%| O|  |TAMS 0x00000000a4000000, 0x00000000a4000000| Untracked 
|  65|0x00000000a4100000, 0x00000000a4200000, 0x00000000a4200000|100%|HS|  |TAMS 0x00000000a4200000, 0x00000000a4100000| Complete 
|  66|0x00000000a4200000, 0x00000000a4300000, 0x00000000a4300000|100%|HC|  |TAMS 0x00000000a4300000, 0x00000000a4200000| Complete 
|  67|0x00000000a4300000, 0x00000000a4400000, 0x00000000a4400000|100%| O|  |TAMS 0x00000000a4400000, 0x00000000a4300000| Untracked 
|  68|0x00000000a4400000, 0x00000000a4500000, 0x00000000a4500000|100%| O|  |TAMS 0x00000000a4500000, 0x00000000a4400000| Untracked 
|  69|0x00000000a4500000, 0x00000000a4600000, 0x00000000a4600000|100%| O|  |TAMS 0x00000000a4600000, 0x00000000a4500000| Untracked 
|  70|0x00000000a4600000, 0x00000000a4700000, 0x00000000a4700000|100%| O|  |TAMS 0x00000000a4700000, 0x00000000a4600000| Untracked 
|  71|0x00000000a4700000, 0x00000000a4700000, 0x00000000a4800000|  0%| F|  |TAMS 0x00000000a4700000, 0x00000000a4700000| Untracked 
|  72|0x00000000a4800000, 0x00000000a4800000, 0x00000000a4900000|  0%| F|  |TAMS 0x00000000a4800000, 0x00000000a4800000| Untracked 
|  73|0x00000000a4900000, 0x00000000a4a00000, 0x00000000a4a00000|100%| O|  |TAMS 0x00000000a4a00000, 0x00000000a4900000| Untracked 
|  74|0x00000000a4a00000, 0x00000000a4b00000, 0x00000000a4b00000|100%| O|  |TAMS 0x00000000a4b00000, 0x00000000a4a00000| Untracked 
|  75|0x00000000a4b00000, 0x00000000a4c00000, 0x00000000a4c00000|100%| O|  |TAMS 0x00000000a4b00000, 0x00000000a4b00000| Untracked 
|  76|0x00000000a4c00000, 0x00000000a4d00000, 0x00000000a4d00000|100%| O|  |TAMS 0x00000000a4c00000, 0x00000000a4c00000| Untracked 
|  77|0x00000000a4d00000, 0x00000000a4e00000, 0x00000000a4e00000|100%| O|  |TAMS 0x00000000a4d00000, 0x00000000a4d00000| Untracked 
|  78|0x00000000a4e00000, 0x00000000a4ecd200, 0x00000000a4f00000| 80%| O|  |TAMS 0x00000000a4e00000, 0x00000000a4e00000| Untracked 
|  79|0x00000000a4f00000, 0x00000000a5000000, 0x00000000a5000000|100%| O|  |TAMS 0x00000000a5000000, 0x00000000a4f00000| Untracked 
|  80|0x00000000a5000000, 0x00000000a5000000, 0x00000000a5100000|  0%| F|  |TAMS 0x00000000a5000000, 0x00000000a5000000| Untracked 
|  81|0x00000000a5100000, 0x00000000a5100000, 0x00000000a5200000|  0%| F|  |TAMS 0x00000000a5100000, 0x00000000a5100000| Untracked 
|  82|0x00000000a5200000, 0x00000000a5300000, 0x00000000a5300000|100%| O|  |TAMS 0x00000000a5300000, 0x00000000a5200000| Untracked 
|  83|0x00000000a5300000, 0x00000000a5300000, 0x00000000a5400000|  0%| F|  |TAMS 0x00000000a5300000, 0x00000000a5300000| Untracked 
|  84|0x00000000a5400000, 0x00000000a5500000, 0x00000000a5500000|100%| O|  |TAMS 0x00000000a5500000, 0x00000000a5400000| Untracked 
|  85|0x00000000a5500000, 0x00000000a5600000, 0x00000000a5600000|100%| O|  |TAMS 0x00000000a5600000, 0x00000000a5500000| Untracked 
|  86|0x00000000a5600000, 0x00000000a5700000, 0x00000000a5700000|100%| O|  |TAMS 0x00000000a5700000, 0x00000000a5600000| Untracked 
|  87|0x00000000a5700000, 0x00000000a5700000, 0x00000000a5800000|  0%| F|  |TAMS 0x00000000a5700000, 0x00000000a5700000| Untracked 
|  88|0x00000000a5800000, 0x00000000a5900000, 0x00000000a5900000|100%| O|  |TAMS 0x00000000a5900000, 0x00000000a5800000| Untracked 
|  89|0x00000000a5900000, 0x00000000a5900000, 0x00000000a5a00000|  0%| F|  |TAMS 0x00000000a5900000, 0x00000000a5900000| Untracked 
|  90|0x00000000a5a00000, 0x00000000a5a00000, 0x00000000a5b00000|  0%| F|  |TAMS 0x00000000a5a00000, 0x00000000a5a00000| Untracked 
|  91|0x00000000a5b00000, 0x00000000a5b00000, 0x00000000a5c00000|  0%| F|  |TAMS 0x00000000a5b00000, 0x00000000a5b00000| Untracked 
|  92|0x00000000a5c00000, 0x00000000a5c00000, 0x00000000a5d00000|  0%| F|  |TAMS 0x00000000a5c00000, 0x00000000a5c00000| Untracked 
|  93|0x00000000a5d00000, 0x00000000a5e00000, 0x00000000a5e00000|100%| O|  |TAMS 0x00000000a5e00000, 0x00000000a5d00000| Untracked 
|  94|0x00000000a5e00000, 0x00000000a5f00000, 0x00000000a5f00000|100%| O|  |TAMS 0x00000000a5f00000, 0x00000000a5e00000| Untracked 
|  95|0x00000000a5f00000, 0x00000000a5f00000, 0x00000000a6000000|  0%| F|  |TAMS 0x00000000a5f00000, 0x00000000a5f00000| Untracked 
|  96|0x00000000a6000000, 0x00000000a6100000, 0x00000000a6100000|100%| O|  |TAMS 0x00000000a6100000, 0x00000000a6000000| Untracked 
|  97|0x00000000a6100000, 0x00000000a6100000, 0x00000000a6200000|  0%| F|  |TAMS 0x00000000a6100000, 0x00000000a6100000| Untracked 
|  98|0x00000000a6200000, 0x00000000a6300000, 0x00000000a6300000|100%| O|  |TAMS 0x00000000a6300000, 0x00000000a6200000| Untracked 
|  99|0x00000000a6300000, 0x00000000a6400000, 0x00000000a6400000|100%| O|  |TAMS 0x00000000a6400000, 0x00000000a6300000| Untracked 
| 100|0x00000000a6400000, 0x00000000a6500000, 0x00000000a6500000|100%| O|  |TAMS 0x00000000a6500000, 0x00000000a6400000| Untracked 
| 101|0x00000000a6500000, 0x00000000a6600000, 0x00000000a6600000|100%| O|  |TAMS 0x00000000a6600000, 0x00000000a6500000| Untracked 
| 102|0x00000000a6600000, 0x00000000a6700000, 0x00000000a6700000|100%| O|  |TAMS 0x00000000a6700000, 0x00000000a6600000| Untracked 
| 103|0x00000000a6700000, 0x00000000a6700000, 0x00000000a6800000|  0%| F|  |TAMS 0x00000000a6700000, 0x00000000a6700000| Untracked 
| 104|0x00000000a6800000, 0x00000000a6800000, 0x00000000a6900000|  0%| F|  |TAMS 0x00000000a6800000, 0x00000000a6800000| Untracked 
| 105|0x00000000a6900000, 0x00000000a6900000, 0x00000000a6a00000|  0%| F|  |TAMS 0x00000000a6900000, 0x00000000a6900000| Untracked 
| 106|0x00000000a6a00000, 0x00000000a6a00000, 0x00000000a6b00000|  0%| F|  |TAMS 0x00000000a6a00000, 0x00000000a6a00000| Untracked 
| 107|0x00000000a6b00000, 0x00000000a6b00000, 0x00000000a6c00000|  0%| F|  |TAMS 0x00000000a6b00000, 0x00000000a6b00000| Untracked 
| 108|0x00000000a6c00000, 0x00000000a6c00000, 0x00000000a6d00000|  0%| F|  |TAMS 0x00000000a6c00000, 0x00000000a6c00000| Untracked 
| 109|0x00000000a6d00000, 0x00000000a6d00000, 0x00000000a6e00000|  0%| F|  |TAMS 0x00000000a6d00000, 0x00000000a6d00000| Untracked 
| 110|0x00000000a6e00000, 0x00000000a6e00000, 0x00000000a6f00000|  0%| F|  |TAMS 0x00000000a6e00000, 0x00000000a6e00000| Untracked 
| 111|0x00000000a6f00000, 0x00000000a6f00000, 0x00000000a7000000|  0%| F|  |TAMS 0x00000000a6f00000, 0x00000000a6f00000| Untracked 
| 112|0x00000000a7000000, 0x00000000a7000000, 0x00000000a7100000|  0%| F|  |TAMS 0x00000000a7000000, 0x00000000a7000000| Untracked 
| 113|0x00000000a7100000, 0x00000000a7200000, 0x00000000a7200000|100%| O|  |TAMS 0x00000000a7200000, 0x00000000a7100000| Untracked 
| 114|0x00000000a7200000, 0x00000000a7300000, 0x00000000a7300000|100%| O|  |TAMS 0x00000000a7300000, 0x00000000a7200000| Untracked 
| 115|0x00000000a7300000, 0x00000000a7400000, 0x00000000a7400000|100%| O|  |TAMS 0x00000000a7400000, 0x00000000a7300000| Untracked 
| 116|0x00000000a7400000, 0x00000000a7500000, 0x00000000a7500000|100%| O|  |TAMS 0x00000000a7500000, 0x00000000a7400000| Untracked 
| 117|0x00000000a7500000, 0x00000000a7600000, 0x00000000a7600000|100%| O|  |TAMS 0x00000000a7600000, 0x00000000a7500000| Untracked 
| 118|0x00000000a7600000, 0x00000000a7600000, 0x00000000a7700000|  0%| F|  |TAMS 0x00000000a7600000, 0x00000000a7600000| Untracked 
| 119|0x00000000a7700000, 0x00000000a7700000, 0x00000000a7800000|  0%| F|  |TAMS 0x00000000a7700000, 0x00000000a7700000| Untracked 
| 120|0x00000000a7800000, 0x00000000a7800000, 0x00000000a7900000|  0%| F|  |TAMS 0x00000000a7800000, 0x00000000a7800000| Untracked 
| 121|0x00000000a7900000, 0x00000000a7900000, 0x00000000a7a00000|  0%| F|  |TAMS 0x00000000a7900000, 0x00000000a7900000| Untracked 
| 122|0x00000000a7a00000, 0x00000000a7a00000, 0x00000000a7b00000|  0%| F|  |TAMS 0x00000000a7a00000, 0x00000000a7a00000| Untracked 
| 123|0x00000000a7b00000, 0x00000000a7b00000, 0x00000000a7c00000|  0%| F|  |TAMS 0x00000000a7b00000, 0x00000000a7b00000| Untracked 
| 124|0x00000000a7c00000, 0x00000000a7c00000, 0x00000000a7d00000|  0%| F|  |TAMS 0x00000000a7c00000, 0x00000000a7c00000| Untracked 
| 125|0x00000000a7d00000, 0x00000000a7d00000, 0x00000000a7e00000|  0%| F|  |TAMS 0x00000000a7d00000, 0x00000000a7d00000| Untracked 
| 126|0x00000000a7e00000, 0x00000000a7e00000, 0x00000000a7f00000|  0%| F|  |TAMS 0x00000000a7e00000, 0x00000000a7e00000| Untracked 
| 127|0x00000000a7f00000, 0x00000000a7f00000, 0x00000000a8000000|  0%| F|  |TAMS 0x00000000a7f00000, 0x00000000a7f00000| Untracked 
| 128|0x00000000a8000000, 0x00000000a8000000, 0x00000000a8100000|  0%| F|  |TAMS 0x00000000a8000000, 0x00000000a8000000| Untracked 
| 129|0x00000000a8100000, 0x00000000a8100000, 0x00000000a8200000|  0%| F|  |TAMS 0x00000000a8100000, 0x00000000a8100000| Untracked 
| 130|0x00000000a8200000, 0x00000000a8200000, 0x00000000a8300000|  0%| F|  |TAMS 0x00000000a8200000, 0x00000000a8200000| Untracked 
| 131|0x00000000a8300000, 0x00000000a8300000, 0x00000000a8400000|  0%| F|  |TAMS 0x00000000a8300000, 0x00000000a8300000| Untracked 
| 132|0x00000000a8400000, 0x00000000a8500000, 0x00000000a8500000|100%| O|  |TAMS 0x00000000a84d2000, 0x00000000a8400000| Untracked 
| 133|0x00000000a8500000, 0x00000000a8500000, 0x00000000a8600000|  0%| F|  |TAMS 0x00000000a8500000, 0x00000000a8500000| Untracked 
| 134|0x00000000a8600000, 0x00000000a8600000, 0x00000000a8700000|  0%| F|  |TAMS 0x00000000a8600000, 0x00000000a8600000| Untracked 
| 135|0x00000000a8700000, 0x00000000a8700000, 0x00000000a8800000|  0%| F|  |TAMS 0x00000000a8700000, 0x00000000a8700000| Untracked 
| 136|0x00000000a8800000, 0x00000000a8900000, 0x00000000a8900000|100%| S|CS|TAMS 0x00000000a8800000, 0x00000000a8800000| Complete 
| 137|0x00000000a8900000, 0x00000000a8a00000, 0x00000000a8a00000|100%| S|CS|TAMS 0x00000000a8900000, 0x00000000a8900000| Complete 
| 138|0x00000000a8a00000, 0x00000000a8b00000, 0x00000000a8b00000|100%| S|CS|TAMS 0x00000000a8a00000, 0x00000000a8a00000| Complete 
| 139|0x00000000a8b00000, 0x00000000a8c00000, 0x00000000a8c00000|100%| S|CS|TAMS 0x00000000a8b00000, 0x00000000a8b00000| Complete 
| 140|0x00000000a8c00000, 0x00000000a8d00000, 0x00000000a8d00000|100%| S|CS|TAMS 0x00000000a8c00000, 0x00000000a8c00000| Complete 
| 141|0x00000000a8d00000, 0x00000000a8e00000, 0x00000000a8e00000|100%| S|CS|TAMS 0x00000000a8d00000, 0x00000000a8d00000| Complete 
| 142|0x00000000a8e00000, 0x00000000a8f00000, 0x00000000a8f00000|100%| S|CS|TAMS 0x00000000a8e00000, 0x00000000a8e00000| Complete 
| 143|0x00000000a8f00000, 0x00000000a9000000, 0x00000000a9000000|100%| S|CS|TAMS 0x00000000a8f00000, 0x00000000a8f00000| Complete 
| 144|0x00000000a9000000, 0x00000000a9100000, 0x00000000a9100000|100%| S|CS|TAMS 0x00000000a9000000, 0x00000000a9000000| Complete 
| 145|0x00000000a9100000, 0x00000000a9100000, 0x00000000a9200000|  0%| F|  |TAMS 0x00000000a9100000, 0x00000000a9100000| Untracked 
| 146|0x00000000a9200000, 0x00000000a9200000, 0x00000000a9300000|  0%| F|  |TAMS 0x00000000a9200000, 0x00000000a9200000| Untracked 
| 147|0x00000000a9300000, 0x00000000a9300000, 0x00000000a9400000|  0%| F|  |TAMS 0x00000000a9300000, 0x00000000a9300000| Untracked 
| 148|0x00000000a9400000, 0x00000000a9400000, 0x00000000a9500000|  0%| F|  |TAMS 0x00000000a9400000, 0x00000000a9400000| Untracked 
| 149|0x00000000a9500000, 0x00000000a9500000, 0x00000000a9600000|  0%| F|  |TAMS 0x00000000a9500000, 0x00000000a9500000| Untracked 
| 150|0x00000000a9600000, 0x00000000a9600000, 0x00000000a9700000|  0%| F|  |TAMS 0x00000000a9600000, 0x00000000a9600000| Untracked 
| 151|0x00000000a9700000, 0x00000000a9700000, 0x00000000a9800000|  0%| F|  |TAMS 0x00000000a9700000, 0x00000000a9700000| Untracked 
| 152|0x00000000a9800000, 0x00000000a9800000, 0x00000000a9900000|  0%| F|  |TAMS 0x00000000a9800000, 0x00000000a9800000| Untracked 
| 153|0x00000000a9900000, 0x00000000a9a00000, 0x00000000a9a00000|100%| S|CS|TAMS 0x00000000a9900000, 0x00000000a9900000| Complete 
| 154|0x00000000a9a00000, 0x00000000a9b00000, 0x00000000a9b00000|100%| S|CS|TAMS 0x00000000a9a00000, 0x00000000a9a00000| Complete 
| 155|0x00000000a9b00000, 0x00000000a9c00000, 0x00000000a9c00000|100%| S|CS|TAMS 0x00000000a9b00000, 0x00000000a9b00000| Complete 
| 156|0x00000000a9c00000, 0x00000000a9c00000, 0x00000000a9d00000|  0%| F|  |TAMS 0x00000000a9c00000, 0x00000000a9c00000| Untracked 
| 157|0x00000000a9d00000, 0x00000000a9d00000, 0x00000000a9e00000|  0%| F|  |TAMS 0x00000000a9d00000, 0x00000000a9d00000| Untracked 
| 158|0x00000000a9e00000, 0x00000000a9e00000, 0x00000000a9f00000|  0%| F|  |TAMS 0x00000000a9e00000, 0x00000000a9e00000| Untracked 
| 159|0x00000000a9f00000, 0x00000000a9f00000, 0x00000000aa000000|  0%| F|  |TAMS 0x00000000a9f00000, 0x00000000a9f00000| Untracked 
| 160|0x00000000aa000000, 0x00000000aa000000, 0x00000000aa100000|  0%| F|  |TAMS 0x00000000aa000000, 0x00000000aa000000| Untracked 
| 161|0x00000000aa100000, 0x00000000aa100000, 0x00000000aa200000|  0%| F|  |TAMS 0x00000000aa100000, 0x00000000aa100000| Untracked 
| 162|0x00000000aa200000, 0x00000000aa200000, 0x00000000aa300000|  0%| F|  |TAMS 0x00000000aa200000, 0x00000000aa200000| Untracked 
| 163|0x00000000aa300000, 0x00000000aa300000, 0x00000000aa400000|  0%| F|  |TAMS 0x00000000aa300000, 0x00000000aa300000| Untracked 
| 164|0x00000000aa400000, 0x00000000aa400000, 0x00000000aa500000|  0%| F|  |TAMS 0x00000000aa400000, 0x00000000aa400000| Untracked 
| 165|0x00000000aa500000, 0x00000000aa500000, 0x00000000aa600000|  0%| F|  |TAMS 0x00000000aa500000, 0x00000000aa500000| Untracked 
| 166|0x00000000aa600000, 0x00000000aa600000, 0x00000000aa700000|  0%| F|  |TAMS 0x00000000aa600000, 0x00000000aa600000| Untracked 
| 167|0x00000000aa700000, 0x00000000aa700000, 0x00000000aa800000|  0%| F|  |TAMS 0x00000000aa700000, 0x00000000aa700000| Untracked 
| 168|0x00000000aa800000, 0x00000000aa800000, 0x00000000aa900000|  0%| F|  |TAMS 0x00000000aa800000, 0x00000000aa800000| Untracked 
| 169|0x00000000aa900000, 0x00000000aa900000, 0x00000000aaa00000|  0%| F|  |TAMS 0x00000000aa900000, 0x00000000aa900000| Untracked 
| 170|0x00000000aaa00000, 0x00000000aaa00000, 0x00000000aab00000|  0%| F|  |TAMS 0x00000000aaa00000, 0x00000000aaa00000| Untracked 
| 171|0x00000000aab00000, 0x00000000aab00000, 0x00000000aac00000|  0%| F|  |TAMS 0x00000000aab00000, 0x00000000aab00000| Untracked 
| 172|0x00000000aac00000, 0x00000000aac00000, 0x00000000aad00000|  0%| F|  |TAMS 0x00000000aac00000, 0x00000000aac00000| Untracked 
| 173|0x00000000aad00000, 0x00000000aad00000, 0x00000000aae00000|  0%| F|  |TAMS 0x00000000aad00000, 0x00000000aad00000| Untracked 
| 174|0x00000000aae00000, 0x00000000aae00000, 0x00000000aaf00000|  0%| F|  |TAMS 0x00000000aae00000, 0x00000000aae00000| Untracked 
| 175|0x00000000aaf00000, 0x00000000aaf00000, 0x00000000ab000000|  0%| F|  |TAMS 0x00000000aaf00000, 0x00000000aaf00000| Untracked 
| 176|0x00000000ab000000, 0x00000000ab000000, 0x00000000ab100000|  0%| F|  |TAMS 0x00000000ab000000, 0x00000000ab000000| Untracked 
| 177|0x00000000ab100000, 0x00000000ab100000, 0x00000000ab200000|  0%| F|  |TAMS 0x00000000ab100000, 0x00000000ab100000| Untracked 
| 178|0x00000000ab200000, 0x00000000ab200000, 0x00000000ab300000|  0%| F|  |TAMS 0x00000000ab200000, 0x00000000ab200000| Untracked 
| 179|0x00000000ab300000, 0x00000000ab300000, 0x00000000ab400000|  0%| F|  |TAMS 0x00000000ab300000, 0x00000000ab300000| Untracked 
| 180|0x00000000ab400000, 0x00000000ab400000, 0x00000000ab500000|  0%| F|  |TAMS 0x00000000ab400000, 0x00000000ab400000| Untracked 
| 181|0x00000000ab500000, 0x00000000ab500000, 0x00000000ab600000|  0%| F|  |TAMS 0x00000000ab500000, 0x00000000ab500000| Untracked 
| 182|0x00000000ab600000, 0x00000000ab600000, 0x00000000ab700000|  0%| F|  |TAMS 0x00000000ab600000, 0x00000000ab600000| Untracked 
| 183|0x00000000ab700000, 0x00000000ab700000, 0x00000000ab800000|  0%| F|  |TAMS 0x00000000ab700000, 0x00000000ab700000| Untracked 
| 184|0x00000000ab800000, 0x00000000ab800000, 0x00000000ab900000|  0%| F|  |TAMS 0x00000000ab800000, 0x00000000ab800000| Untracked 
| 185|0x00000000ab900000, 0x00000000ab900000, 0x00000000aba00000|  0%| F|  |TAMS 0x00000000ab900000, 0x00000000ab900000| Untracked 
| 186|0x00000000aba00000, 0x00000000aba00000, 0x00000000abb00000|  0%| F|  |TAMS 0x00000000aba00000, 0x00000000aba00000| Untracked 
| 187|0x00000000abb00000, 0x00000000abb00000, 0x00000000abc00000|  0%| F|  |TAMS 0x00000000abb00000, 0x00000000abb00000| Untracked 
| 188|0x00000000abc00000, 0x00000000abc00000, 0x00000000abd00000|  0%| F|  |TAMS 0x00000000abc00000, 0x00000000abc00000| Untracked 
| 189|0x00000000abd00000, 0x00000000abd00000, 0x00000000abe00000|  0%| F|  |TAMS 0x00000000abd00000, 0x00000000abd00000| Untracked 
| 190|0x00000000abe00000, 0x00000000abe00000, 0x00000000abf00000|  0%| F|  |TAMS 0x00000000abe00000, 0x00000000abe00000| Untracked 
| 191|0x00000000abf00000, 0x00000000abf00000, 0x00000000ac000000|  0%| F|  |TAMS 0x00000000abf00000, 0x00000000abf00000| Untracked 
| 192|0x00000000ac000000, 0x00000000ac000000, 0x00000000ac100000|  0%| F|  |TAMS 0x00000000ac000000, 0x00000000ac000000| Untracked 
| 193|0x00000000ac100000, 0x00000000ac100000, 0x00000000ac200000|  0%| F|  |TAMS 0x00000000ac100000, 0x00000000ac100000| Untracked 
| 194|0x00000000ac200000, 0x00000000ac200000, 0x00000000ac300000|  0%| F|  |TAMS 0x00000000ac200000, 0x00000000ac200000| Untracked 
| 195|0x00000000ac300000, 0x00000000ac3b9310, 0x00000000ac400000| 72%| E|  |TAMS 0x00000000ac300000, 0x00000000ac300000| Complete 
| 196|0x00000000ac400000, 0x00000000ac500000, 0x00000000ac500000|100%| E|CS|TAMS 0x00000000ac400000, 0x00000000ac400000| Complete 
| 197|0x00000000ac500000, 0x00000000ac600000, 0x00000000ac600000|100%| E|CS|TAMS 0x00000000ac500000, 0x00000000ac500000| Complete 
| 198|0x00000000ac600000, 0x00000000ac700000, 0x00000000ac700000|100%| E|CS|TAMS 0x00000000ac600000, 0x00000000ac600000| Complete 
| 199|0x00000000ac700000, 0x00000000ac800000, 0x00000000ac800000|100%| E|CS|TAMS 0x00000000ac700000, 0x00000000ac700000| Complete 
| 200|0x00000000ac800000, 0x00000000ac900000, 0x00000000ac900000|100%| E|  |TAMS 0x00000000ac800000, 0x00000000ac800000| Complete 
| 201|0x00000000ac900000, 0x00000000aca00000, 0x00000000aca00000|100%| E|CS|TAMS 0x00000000ac900000, 0x00000000ac900000| Complete 
| 202|0x00000000aca00000, 0x00000000acb00000, 0x00000000acb00000|100%| E|CS|TAMS 0x00000000aca00000, 0x00000000aca00000| Complete 
| 203|0x00000000acb00000, 0x00000000acc00000, 0x00000000acc00000|100%| E|CS|TAMS 0x00000000acb00000, 0x00000000acb00000| Complete 
| 204|0x00000000acc00000, 0x00000000acd00000, 0x00000000acd00000|100%| E|CS|TAMS 0x00000000acc00000, 0x00000000acc00000| Complete 
| 205|0x00000000acd00000, 0x00000000ace00000, 0x00000000ace00000|100%| E|CS|TAMS 0x00000000acd00000, 0x00000000acd00000| Complete 
| 206|0x00000000ace00000, 0x00000000acf00000, 0x00000000acf00000|100%| E|CS|TAMS 0x00000000ace00000, 0x00000000ace00000| Complete 
| 207|0x00000000acf00000, 0x00000000ad000000, 0x00000000ad000000|100%| E|CS|TAMS 0x00000000acf00000, 0x00000000acf00000| Complete 
| 208|0x00000000ad000000, 0x00000000ad100000, 0x00000000ad100000|100%| E|CS|TAMS 0x00000000ad000000, 0x00000000ad000000| Complete 
| 209|0x00000000ad100000, 0x00000000ad200000, 0x00000000ad200000|100%| E|CS|TAMS 0x00000000ad100000, 0x00000000ad100000| Complete 
| 210|0x00000000ad200000, 0x00000000ad300000, 0x00000000ad300000|100%| E|CS|TAMS 0x00000000ad200000, 0x00000000ad200000| Complete 
| 211|0x00000000ad300000, 0x00000000ad400000, 0x00000000ad400000|100%| E|CS|TAMS 0x00000000ad300000, 0x00000000ad300000| Complete 
| 212|0x00000000ad400000, 0x00000000ad500000, 0x00000000ad500000|100%| E|CS|TAMS 0x00000000ad400000, 0x00000000ad400000| Complete 
| 213|0x00000000ad500000, 0x00000000ad600000, 0x00000000ad600000|100%| E|CS|TAMS 0x00000000ad500000, 0x00000000ad500000| Complete 
| 214|0x00000000ad600000, 0x00000000ad700000, 0x00000000ad700000|100%| E|CS|TAMS 0x00000000ad600000, 0x00000000ad600000| Complete 
| 215|0x00000000ad700000, 0x00000000ad800000, 0x00000000ad800000|100%| E|CS|TAMS 0x00000000ad700000, 0x00000000ad700000| Complete 
| 216|0x00000000ad800000, 0x00000000ad900000, 0x00000000ad900000|100%| E|CS|TAMS 0x00000000ad800000, 0x00000000ad800000| Complete 
| 217|0x00000000ad900000, 0x00000000ada00000, 0x00000000ada00000|100%| E|CS|TAMS 0x00000000ad900000, 0x00000000ad900000| Complete 
| 218|0x00000000ada00000, 0x00000000adb00000, 0x00000000adb00000|100%| E|CS|TAMS 0x00000000ada00000, 0x00000000ada00000| Complete 
| 219|0x00000000adb00000, 0x00000000adc00000, 0x00000000adc00000|100%| E|CS|TAMS 0x00000000adb00000, 0x00000000adb00000| Complete 
| 220|0x00000000adc00000, 0x00000000add00000, 0x00000000add00000|100%| E|CS|TAMS 0x00000000adc00000, 0x00000000adc00000| Complete 
| 221|0x00000000add00000, 0x00000000ade00000, 0x00000000ade00000|100%| E|CS|TAMS 0x00000000add00000, 0x00000000add00000| Complete 
| 222|0x00000000ade00000, 0x00000000adf00000, 0x00000000adf00000|100%| E|CS|TAMS 0x00000000ade00000, 0x00000000ade00000| Complete 
| 223|0x00000000adf00000, 0x00000000ae000000, 0x00000000ae000000|100%| E|CS|TAMS 0x00000000adf00000, 0x00000000adf00000| Complete 
| 224|0x00000000ae000000, 0x00000000ae100000, 0x00000000ae100000|100%| E|CS|TAMS 0x00000000ae000000, 0x00000000ae000000| Complete 
| 225|0x00000000ae100000, 0x00000000ae200000, 0x00000000ae200000|100%| E|CS|TAMS 0x00000000ae100000, 0x00000000ae100000| Complete 
| 226|0x00000000ae200000, 0x00000000ae300000, 0x00000000ae300000|100%| E|CS|TAMS 0x00000000ae200000, 0x00000000ae200000| Complete 
| 227|0x00000000ae300000, 0x00000000ae400000, 0x00000000ae400000|100%| E|CS|TAMS 0x00000000ae300000, 0x00000000ae300000| Complete 
| 228|0x00000000ae400000, 0x00000000ae500000, 0x00000000ae500000|100%| E|CS|TAMS 0x00000000ae400000, 0x00000000ae400000| Complete 
| 229|0x00000000ae500000, 0x00000000ae600000, 0x00000000ae600000|100%| E|CS|TAMS 0x00000000ae500000, 0x00000000ae500000| Complete 
| 230|0x00000000ae600000, 0x00000000ae700000, 0x00000000ae700000|100%| E|CS|TAMS 0x00000000ae600000, 0x00000000ae600000| Complete 
| 231|0x00000000ae700000, 0x00000000ae800000, 0x00000000ae800000|100%| E|CS|TAMS 0x00000000ae700000, 0x00000000ae700000| Complete 
| 232|0x00000000ae800000, 0x00000000ae900000, 0x00000000ae900000|100%| E|CS|TAMS 0x00000000ae800000, 0x00000000ae800000| Complete 
| 233|0x00000000ae900000, 0x00000000aea00000, 0x00000000aea00000|100%| E|CS|TAMS 0x00000000ae900000, 0x00000000ae900000| Complete 
| 234|0x00000000aea00000, 0x00000000aeb00000, 0x00000000aeb00000|100%| E|CS|TAMS 0x00000000aea00000, 0x00000000aea00000| Complete 
| 235|0x00000000aeb00000, 0x00000000aec00000, 0x00000000aec00000|100%| E|CS|TAMS 0x00000000aeb00000, 0x00000000aeb00000| Complete 
| 236|0x00000000aec00000, 0x00000000aed00000, 0x00000000aed00000|100%| E|CS|TAMS 0x00000000aec00000, 0x00000000aec00000| Complete 
| 237|0x00000000aed00000, 0x00000000aee00000, 0x00000000aee00000|100%| E|CS|TAMS 0x00000000aed00000, 0x00000000aed00000| Complete 
| 238|0x00000000aee00000, 0x00000000aef00000, 0x00000000aef00000|100%| E|CS|TAMS 0x00000000aee00000, 0x00000000aee00000| Complete 
| 239|0x00000000aef00000, 0x00000000af000000, 0x00000000af000000|100%| E|CS|TAMS 0x00000000aef00000, 0x00000000aef00000| Complete 
| 240|0x00000000af000000, 0x00000000af100000, 0x00000000af100000|100%| E|CS|TAMS 0x00000000af000000, 0x00000000af000000| Complete 

Card table byte_map: [0x00000021f7c80000,0x00000021f7f80000] _byte_map_base: 0x00000021f7780000

Marking Bits (Prev, Next): (CMBitMap*) 0x00000021f391aad0, (CMBitMap*) 0x00000021f391aa98
 Prev Bits: [0x00000021f9a80000, 0x00000021fb280000)
 Next Bits: [0x00000021f8280000, 0x00000021f9a80000)

Polling page: 0x00000021f3090000

Metaspace:

Usage:
  Non-class:     76.82 MB capacity,    74.58 MB ( 97%) used,     1.93 MB (  3%) free+waste,   324.94 KB ( <1%) overhead. 
      Class:     11.90 MB capacity,    10.81 MB ( 91%) used,   967.49 KB (  8%) free+waste,   148.56 KB (  1%) overhead. 
       Both:     88.72 MB capacity,    85.38 MB ( 96%) used,     2.87 MB (  3%) free+waste,   473.50 KB ( <1%) overhead. 

Virtual space:
  Non-class space:       78.00 MB reserved,      76.84 MB ( 99%) committed 
      Class space:        1.00 GB reserved,      11.95 MB (  1%) committed 
             Both:        1.08 GB reserved,      88.79 MB (  8%) committed 

Chunk freelists:
   Non-Class:  21.00 KB
       Class:  9.00 KB
        Both:  30.00 KB

MaxMetaspaceSize: 17179869184.00 GB
CompressedClassSpaceSize: 1.00 GB

CodeHeap 'non-profiled nmethods': size=120064Kb used=18544Kb max_used=18544Kb free=101519Kb
 bounds [0x0000002187ac0000, 0x0000002188ce0000, 0x000000218f000000]
CodeHeap 'profiled nmethods': size=120000Kb used=32920Kb max_used=32920Kb free=87079Kb
 bounds [0x0000002180590000, 0x0000002182600000, 0x0000002187ac0000]
CodeHeap 'non-nmethods': size=5696Kb used=2348Kb max_used=2421Kb free=3347Kb
 bounds [0x0000002180000000, 0x0000002180270000, 0x0000002180590000]
 total_blobs=29157 nmethods=16003 adapters=853
 compilation: enabled
              stopped_count=0, restarted_count=0
 full_count=0

Compilation events (20 events):
Event: 2780.461 Thread 0x00000021fda81800 nmethod 20260 0x0000002181a9bc10 code [0x0000002181a9bdc0, 0x0000002181a9bff8]
Event: 2780.498 Thread 0x00000021fda7a000 nmethod 20257 0x0000002188ac0910 code [0x0000002188ac0b20, 0x0000002188ac1988]
Event: 2780.498 Thread 0x00000021fda7a000 20261       4       com.android.build.gradle.internal.scope.InternalArtifactType::getFolderName (17 bytes)
Event: 2780.499 Thread 0x00000021fda7a000 nmethod 20261 0x00000021883ed090 code [0x00000021883ed220, 0x00000021883ed2c8]
Event: 2780.503 Thread 0x00000021fda81800 20262       3       org.gradle.api.internal.artifacts.ivyservice.resolveengine.graph.builder.EdgeState::restart (19 bytes)
Event: 2780.503 Thread 0x00000021fda81800 nmethod 20262 0x0000002181ac8a90 code [0x0000002181ac8c80, 0x0000002181ac8fb0]
Event: 2780.527 Thread 0x00000021fda7a000 20263       4       com.google.common.primitives.Longs::tryParse (232 bytes)
Event: 2780.542 Thread 0x00000021fda7a000 nmethod 20263 0x000000218857ca10 code [0x000000218857cbe0, 0x000000218857d318]
Event: 2780.631 Thread 0x00000021fda7a000 20264       4       org.gradle.api.internal.artifacts.configurations.DefaultConfiguration::preventFromFurtherMutation (68 bytes)
Event: 2780.644 Thread 0x00000021fda81800 20271       3       org.gradle.api.internal.artifacts.DefaultResolverResults::hasError (39 bytes)
Event: 2780.644 Thread 0x00000021fda81800 nmethod 20271 0x0000002181ac8390 code [0x0000002181ac8560, 0x0000002181ac88d0]
Event: 2780.652 Thread 0x00000021fda7a000 nmethod 20264 0x0000002188b1ce90 code [0x0000002188b1d080, 0x0000002188b1d808]
Event: 2780.652 Thread 0x00000021fda81800 20273       2       java.util.ArrayList$SubList::toArray (79 bytes)
Event: 2780.653 Thread 0x00000021fda7a000 20272       4       kotlin.text.StringsKt__StringsKt::split$StringsKt__StringsKt (262 bytes)
Event: 2780.653 Thread 0x00000021fda81800 nmethod 20273 0x0000002181c31310 code [0x0000002181c31500, 0x0000002181c319f0]
Event: 2780.702 Thread 0x00000021fda81800 20274       3       org.gradle.api.internal.tasks.DefaultTaskOutputs::doNotCacheIf (20 bytes)
Event: 2780.704 Thread 0x00000021fda81800 nmethod 20274 0x000000218207f210 code [0x000000218207f540, 0x0000002182080a90]
Event: 2780.772 Thread 0x00000021fda7a000 nmethod 20272 0x0000002188cd1610 code [0x0000002188cd1880, 0x0000002188cd3ff8]
Event: 2780.772 Thread 0x00000021fda7a000 20265       4       org.gradle.api.internal.artifacts.configurations.DefaultConfiguration_Decorated::getDescription (37 bytes)
Event: 2780.773 Thread 0x00000021fda7a000 nmethod 20265 0x00000021883ecd10 code [0x00000021883ecea0, 0x00000021883ecf38]

GC Heap History (20 events):
Event: 2460.011 GC heap before
{Heap before GC invocations=182 (full 0):
 garbage-first heap   total 246784K, used 185922K [0x00000000a0000000, 0x0000000100000000)
  region size 1024K, 84 young (86016K), 1 survivors (1024K)
 Metaspace       used 85801K, capacity 89173K, committed 89384K, reserved 1126400K
  class space    used 10907K, capacity 11976K, committed 11980K, reserved 1048576K
}
Event: 2460.024 GC heap after
{Heap after GC invocations=183 (full 0):
 garbage-first heap   total 246784K, used 105907K [0x00000000a0000000, 0x0000000100000000)
  region size 1024K, 5 young (5120K), 5 survivors (5120K)
 Metaspace       used 85801K, capacity 89173K, committed 89384K, reserved 1126400K
  class space    used 10907K, capacity 11976K, committed 11980K, reserved 1048576K
}
Event: 2500.195 GC heap before
{Heap before GC invocations=183 (full 0):
 garbage-first heap   total 246784K, used 192947K [0x00000000a0000000, 0x0000000100000000)
  region size 1024K, 90 young (92160K), 5 survivors (5120K)
 Metaspace       used 86110K, capacity 89472K, committed 89768K, reserved 1126400K
  class space    used 10944K, capacity 12033K, committed 12108K, reserved 1048576K
}
Event: 2500.209 GC heap after
{Heap after GC invocations=184 (full 0):
 garbage-first heap   total 246784K, used 105873K [0x00000000a0000000, 0x0000000100000000)
  region size 1024K, 5 young (5120K), 5 survivors (5120K)
 Metaspace       used 86110K, capacity 89472K, committed 89768K, reserved 1126400K
  class space    used 10944K, capacity 12033K, committed 12108K, reserved 1048576K
}
Event: 2501.964 GC heap before
{Heap before GC invocations=184 (full 0):
 garbage-first heap   total 246784K, used 198033K [0x00000000a0000000, 0x0000000100000000)
  region size 1024K, 95 young (97280K), 5 survivors (5120K)
 Metaspace       used 86119K, capacity 89472K, committed 89768K, reserved 1126400K
  class space    used 10944K, capacity 12033K, committed 12108K, reserved 1048576K
}
Event: 2501.983 GC heap after
{Heap after GC invocations=185 (full 0):
 garbage-first heap   total 246784K, used 111397K [0x00000000a0000000, 0x0000000100000000)
  region size 1024K, 10 young (10240K), 10 survivors (10240K)
 Metaspace       used 86119K, capacity 89472K, committed 89768K, reserved 1126400K
  class space    used 10944K, capacity 12033K, committed 12108K, reserved 1048576K
}
Event: 2505.530 GC heap before
{Heap before GC invocations=185 (full 0):
 garbage-first heap   total 246784K, used 198437K [0x00000000a0000000, 0x0000000100000000)
  region size 1024K, 96 young (98304K), 10 survivors (10240K)
 Metaspace       used 87185K, capacity 90599K, committed 90664K, reserved 1128448K
  class space    used 11062K, capacity 12174K, committed 12236K, reserved 1048576K
}
Event: 2505.548 GC heap after
{Heap after GC invocations=186 (full 0):
 garbage-first heap   total 246784K, used 113003K [0x00000000a0000000, 0x0000000100000000)
  region size 1024K, 8 young (8192K), 8 survivors (8192K)
 Metaspace       used 87185K, capacity 90599K, committed 90664K, reserved 1128448K
  class space    used 11062K, capacity 12174K, committed 12236K, reserved 1048576K
}
Event: 2706.157 GC heap before
{Heap before GC invocations=186 (full 0):
 garbage-first heap   total 246784K, used 201067K [0x00000000a0000000, 0x0000000100000000)
  region size 1024K, 95 young (97280K), 8 survivors (8192K)
 Metaspace       used 87261K, capacity 90651K, committed 90920K, reserved 1128448K
  class space    used 11066K, capacity 12183K, committed 12236K, reserved 1048576K
}
Event: 2706.179 GC heap after
{Heap after GC invocations=187 (full 0):
 garbage-first heap   total 246784K, used 114817K [0x00000000a0000000, 0x0000000100000000)
  region size 1024K, 5 young (5120K), 5 survivors (5120K)
 Metaspace       used 87261K, capacity 90651K, committed 90920K, reserved 1128448K
  class space    used 11066K, capacity 12183K, committed 12236K, reserved 1048576K
}
Event: 2707.842 GC heap before
{Heap before GC invocations=187 (full 0):
 garbage-first heap   total 246784K, used 204929K [0x00000000a0000000, 0x0000000100000000)
  region size 1024K, 92 young (94208K), 5 survivors (5120K)
 Metaspace       used 87263K, capacity 90651K, committed 90920K, reserved 1128448K
  class space    used 11066K, capacity 12183K, committed 12236K, reserved 1048576K
}
Event: 2707.864 GC heap after
{Heap after GC invocations=188 (full 0):
 garbage-first heap   total 246784K, used 124576K [0x00000000a0000000, 0x0000000100000000)
  region size 1024K, 12 young (12288K), 12 survivors (12288K)
 Metaspace       used 87263K, capacity 90651K, committed 90920K, reserved 1128448K
  class space    used 11066K, capacity 12183K, committed 12236K, reserved 1048576K
}
Event: 2708.537 GC heap before
{Heap before GC invocations=188 (full 0):
 garbage-first heap   total 246784K, used 189088K [0x00000000a0000000, 0x0000000100000000)
  region size 1024K, 62 young (63488K), 12 survivors (12288K)
 Metaspace       used 87350K, capacity 90780K, committed 90920K, reserved 1128448K
  class space    used 11066K, capacity 12183K, committed 12236K, reserved 1048576K
}
Event: 2708.564 GC heap after
{Heap after GC invocations=189 (full 0):
 garbage-first heap   total 246784K, used 122129K [0x00000000a0000000, 0x0000000100000000)
  region size 1024K, 3 young (3072K), 3 survivors (3072K)
 Metaspace       used 87350K, capacity 90780K, committed 90920K, reserved 1128448K
  class space    used 11066K, capacity 12183K, committed 12236K, reserved 1048576K
}
Event: 2710.538 GC heap before
{Heap before GC invocations=190 (full 0):
 garbage-first heap   total 246784K, used 175377K [0x00000000a0000000, 0x0000000100000000)
  region size 1024K, 70 young (71680K), 3 survivors (3072K)
 Metaspace       used 87351K, capacity 90780K, committed 90920K, reserved 1128448K
  class space    used 11066K, capacity 12183K, committed 12236K, reserved 1048576K
}
Event: 2710.554 GC heap after
{Heap after GC invocations=191 (full 0):
 garbage-first heap   total 246784K, used 105435K [0x00000000a0000000, 0x0000000100000000)
  region size 1024K, 2 young (2048K), 2 survivors (2048K)
 Metaspace       used 87351K, capacity 90780K, committed 90920K, reserved 1128448K
  class space    used 11066K, capacity 12183K, committed 12236K, reserved 1048576K
}
Event: 2710.650 GC heap before
{Heap before GC invocations=191 (full 0):
 garbage-first heap   total 246784K, used 115675K [0x00000000a0000000, 0x0000000100000000)
  region size 1024K, 12 young (12288K), 2 survivors (2048K)
 Metaspace       used 87351K, capacity 90780K, committed 90920K, reserved 1128448K
  class space    used 11066K, capacity 12183K, committed 12236K, reserved 1048576K
}
Event: 2710.662 GC heap after
{Heap after GC invocations=192 (full 0):
 garbage-first heap   total 246784K, used 89658K [0x00000000a0000000, 0x0000000100000000)
  region size 1024K, 2 young (2048K), 2 survivors (2048K)
 Metaspace       used 87351K, capacity 90780K, committed 90920K, reserved 1128448K
  class space    used 11066K, capacity 12183K, committed 12236K, reserved 1048576K
}
Event: 2780.806 GC heap before
{Heap before GC invocations=192 (full 0):
 garbage-first heap   total 246784K, used 176698K [0x00000000a0000000, 0x0000000100000000)
  region size 1024K, 88 young (90112K), 2 survivors (2048K)
 Metaspace       used 87421K, capacity 90846K, committed 90920K, reserved 1128448K
  class space    used 11066K, capacity 12183K, committed 12236K, reserved 1048576K
}
Event: 2781.808 GC heap after
{Heap after GC invocations=193 (full 0):
 garbage-first heap   total 246784K, used 96320K [0x00000000a0000000, 0x0000000100000000)
  region size 1024K, 8 young (8192K), 8 survivors (8192K)
 Metaspace       used 87421K, capacity 90846K, committed 90920K, reserved 1128448K
  class space    used 11066K, capacity 12183K, committed 12236K, reserved 1048576K
}

Deoptimization events (20 events):
Event: 2708.405 Thread 0x0000002190d02800 Uncommon trap: trap_request=0xffffffc6 fr.pc=0x0000002188bf5d30 relative=0x0000000000000770
Event: 2708.405 Thread 0x0000002190d02800 Uncommon trap: reason=bimorphic_or_optimized_type_check action=maybe_recompile pc=0x0000002188bf5d30 method=com.sun.org.apache.xerces.internal.dom.ElementImpl.getNodeName()Ljava/lang/String; @ 8 c2
Event: 2708.405 Thread 0x0000002190d02800 DEOPT PACKING pc=0x0000002188bf5d30 sp=0x000000219b24bde0
Event: 2708.405 Thread 0x0000002190d02800 DEOPT UNPACKING pc=0x000000218002922f sp=0x000000219b24bdd8 mode 2
Event: 2708.464 Thread 0x0000002190d02800 Uncommon trap: trap_request=0xffffff4d fr.pc=0x000000218800ead8 relative=0x0000000000000678
Event: 2708.464 Thread 0x0000002190d02800 Uncommon trap: reason=unstable_if action=reinterpret pc=0x000000218800ead8 method=java.util.HashMap.removeNode(ILjava/lang/Object;Ljava/lang/Object;ZZ)Ljava/util/HashMap$Node; @ 71 c2
Event: 2708.464 Thread 0x0000002190d02800 DEOPT PACKING pc=0x000000218800ead8 sp=0x000000219b24be60
Event: 2708.464 Thread 0x0000002190d02800 DEOPT UNPACKING pc=0x000000218002922f sp=0x000000219b24bd80 mode 2
Event: 2708.648 Thread 0x000000219050e800 DEOPT PACKING pc=0x00000021822ea68d sp=0x000000219b14d330
Event: 2708.649 Thread 0x000000219050e800 DEOPT UNPACKING pc=0x000000218002904e sp=0x000000219b14c7c8 mode 0
Event: 2710.438 Thread 0x0000002190d00800 DEOPT PACKING pc=0x0000002181597ba3 sp=0x000000219b44e200
Event: 2710.438 Thread 0x0000002190d00800 DEOPT UNPACKING pc=0x000000218002904e sp=0x000000219b44d698 mode 0
Event: 2780.098 Thread 0x0000002190d01000 Uncommon trap: trap_request=0xffffffdc fr.pc=0x0000002188cc9948 relative=0x0000000000000308
Event: 2780.098 Thread 0x0000002190d01000 Uncommon trap: reason=class_check action=make_not_entrant pc=0x0000002188cc9948 method=java.util.ArrayList$SubList.toArray([Ljava/lang/Object;)[Ljava/lang/Object; @ 37 c2
Event: 2780.098 Thread 0x0000002190d01000 DEOPT PACKING pc=0x0000002188cc9948 sp=0x0000002191c79e10
Event: 2780.098 Thread 0x0000002190d01000 DEOPT UNPACKING pc=0x000000218002922f sp=0x0000002191c79dc8 mode 2
Event: 2780.172 Thread 0x0000002190d01000 DEOPT PACKING pc=0x0000002180e23a5d sp=0x0000002191c79cf0
Event: 2780.172 Thread 0x0000002190d01000 DEOPT UNPACKING pc=0x000000218002904e sp=0x0000002191c790c0 mode 0
Event: 2780.232 Thread 0x0000002190d01000 DEOPT PACKING pc=0x0000002181f4f0e5 sp=0x0000002191c7aef0
Event: 2780.232 Thread 0x0000002190d01000 DEOPT UNPACKING pc=0x000000218002904e sp=0x0000002191c7a460 mode 0

Classes redefined (0 events):
No events

Internal exceptions (20 events):
Event: 2395.684 Thread 0x0000002190500800 Exception <a 'sun/nio/fs/WindowsException'{0x00000000ac043f98}> (0x00000000ac043f98) thrown at [c:/BuildAgent/work/5ff2f6c26000d570/src/hotspot/share/prims/jni.cpp, line 615]
Event: 2395.685 Thread 0x0000002190500800 Exception <a 'sun/nio/fs/WindowsException'{0x00000000ac044388}> (0x00000000ac044388) thrown at [c:/BuildAgent/work/5ff2f6c26000d570/src/hotspot/share/prims/jni.cpp, line 615]
Event: 2396.441 Thread 0x0000002190d01000 Exception <a 'sun/nio/fs/WindowsException'{0x00000000aba58cc0}> (0x00000000aba58cc0) thrown at [c:/BuildAgent/work/5ff2f6c26000d570/src/hotspot/share/prims/jni.cpp, line 615]
Event: 2461.052 Thread 0x0000002190500800 Exception <a 'java/lang/ClassNotFoundException'{0x00000000ab899b48}: com/sun/org/apache/xerces/internal/impl/msg/spi/XMLMessagesProvider> (0x00000000ab899b48) thrown at [c:/BuildAgent/work/5ff2f6c26000d570/src/hotspot/share/classfile/systemDictionary.cpp,
Event: 2461.211 Thread 0x0000002190500800 Implicit null exception at 0x0000002187ff322d to 0x0000002187ff59b2
Event: 2461.294 Thread 0x0000002190502000 Implicit null exception at 0x0000002187c13c56 to 0x0000002187c1401a
Event: 2461.310 Thread 0x0000002190502000 Exception <a 'java/lang/NoSuchMethodError'{0x00000000ab68cd78}: <clinit>> (0x00000000ab68cd78) thrown at [c:/BuildAgent/work/5ff2f6c26000d570/src/hotspot/share/prims/jni.cpp, line 1362]
Event: 2461.312 Thread 0x0000002190502000 Implicit null exception at 0x0000002187dbe1fd to 0x0000002187dbe882
Event: 2461.314 Thread 0x0000002190502000 Exception <a 'java/lang/NoSuchMethodError'{0x00000000ab69c348}: <clinit>> (0x00000000ab69c348) thrown at [c:/BuildAgent/work/5ff2f6c26000d570/src/hotspot/share/prims/jni.cpp, line 1362]
Event: 2461.324 Thread 0x0000002190502000 Exception <a 'java/lang/NoSuchMethodError'{0x00000000ab6a6688}: <clinit>> (0x00000000ab6a6688) thrown at [c:/BuildAgent/work/5ff2f6c26000d570/src/hotspot/share/prims/jni.cpp, line 1362]
Event: 2461.447 Thread 0x0000002190500800 Exception <a 'sun/nio/fs/WindowsException'{0x00000000ab56c5a8}> (0x00000000ab56c5a8) thrown at [c:/BuildAgent/work/5ff2f6c26000d570/src/hotspot/share/prims/jni.cpp, line 615]
Event: 2461.468 Thread 0x0000002190500800 Implicit null exception at 0x0000002187ce825e to 0x0000002187ce8832
Event: 2461.555 Thread 0x0000002190500800 Implicit null exception at 0x000000218800d7e0 to 0x000000218800d85a
Event: 2500.218 Thread 0x0000002190500800 Implicit null exception at 0x0000002187e1a08f to 0x0000002187e1a9e0
Event: 2505.392 Thread 0x0000002190506000 Exception <a 'sun/nio/fs/WindowsException'{0x00000000ab656d90}> (0x00000000ab656d90) thrown at [c:/BuildAgent/work/5ff2f6c26000d570/src/hotspot/share/prims/jni.cpp, line 615]
Event: 2505.392 Thread 0x0000002190506000 Exception <a 'sun/nio/fs/WindowsException'{0x00000000ab657180}> (0x00000000ab657180) thrown at [c:/BuildAgent/work/5ff2f6c26000d570/src/hotspot/share/prims/jni.cpp, line 615]
Event: 2506.408 Thread 0x0000002190500800 Exception <a 'sun/nio/fs/WindowsException'{0x00000000ab7c65e0}> (0x00000000ab7c65e0) thrown at [c:/BuildAgent/work/5ff2f6c26000d570/src/hotspot/share/prims/jni.cpp, line 615]
Event: 2710.280 Thread 0x0000002190d02000 Exception <a 'sun/nio/fs/WindowsException'{0x00000000ad4e4710}> (0x00000000ad4e4710) thrown at [c:/BuildAgent/work/5ff2f6c26000d570/src/hotspot/share/prims/jni.cpp, line 615]
Event: 2710.280 Thread 0x0000002190d02000 Exception <a 'sun/nio/fs/WindowsException'{0x00000000ad4e4b00}> (0x00000000ad4e4b00) thrown at [c:/BuildAgent/work/5ff2f6c26000d570/src/hotspot/share/prims/jni.cpp, line 615]
Event: 2711.135 Thread 0x00000021904ff800 Exception <a 'sun/nio/fs/WindowsException'{0x00000000ac932698}> (0x00000000ac932698) thrown at [c:/BuildAgent/work/5ff2f6c26000d570/src/hotspot/share/prims/jni.cpp, line 615]

Events (20 events):
Event: 2780.157 Thread 0x0000002190d07000 Thread added: 0x0000002190d07000
Event: 2780.173 Thread 0x0000002190d0c800 Thread added: 0x0000002190d0c800
Event: 2780.174 Thread 0x0000002190d0e000 Thread added: 0x0000002190d0e000
Event: 2780.174 Thread 0x0000002190d0d800 Thread added: 0x0000002190d0d800
Event: 2780.174 Thread 0x00000021904ff800 Thread added: 0x00000021904ff800
Event: 2780.202 Executing VM operation: RevokeBias
Event: 2780.203 Executing VM operation: RevokeBias done
Event: 2780.285 Thread 0x0000002190500800 Thread added: 0x0000002190500800
Event: 2780.325 Executing VM operation: BulkRevokeBias
Event: 2780.326 Executing VM operation: BulkRevokeBias done
Event: 2780.419 Thread 0x0000002190501800 Thread added: 0x0000002190501800
Event: 2780.765 Thread 0x0000002190504800 Thread added: 0x0000002190504800
Event: 2780.765 Thread 0x0000002190502000 Thread added: 0x0000002190502000
Event: 2780.765 Thread 0x0000002190504000 Thread added: 0x0000002190504000
Event: 2780.777 Executing VM operation: RevokeBias
Event: 2780.778 Executing VM operation: RevokeBias done
Event: 2780.778 Executing VM operation: RevokeBias
Event: 2780.778 Executing VM operation: RevokeBias done
Event: 2780.806 Executing VM operation: G1CollectForAllocation
Event: 2781.808 Executing VM operation: G1CollectForAllocation done


Dynamic libraries:
0x00007ff6c2660000 - 0x00007ff6c266a000 	D:\trabajos\Idea\IntelliJ IDEA 2019.3.3\jbr\bin\java.exe
0x00007ffc00cc0000 - 0x00007ffc00e6d000 	C:\Windows\SYSTEM32\ntdll.dll
0x00007ffc00280000 - 0x00007ffc003bf000 	C:\Windows\system32\KERNEL32.DLL
0x00007ffbfe1e0000 - 0x00007ffbfe2f5000 	C:\Windows\system32\KERNELBASE.dll
0x00007ffbe5130000 - 0x00007ffbe5149000 	D:\trabajos\Idea\IntelliJ IDEA 2019.3.3\jbr\bin\jli.dll
0x00007ffbe5110000 - 0x00007ffbe5127000 	D:\trabajos\Idea\IntelliJ IDEA 2019.3.3\jbr\bin\VCRUNTIME140.dll
0x00007ffbfb3a0000 - 0x00007ffbfb3a4000 	D:\trabajos\Idea\IntelliJ IDEA 2019.3.3\jbr\bin\api-ms-win-crt-stdio-l1-1-0.dll
0x00007ffbeb3e0000 - 0x00007ffbeb3e4000 	D:\trabajos\Idea\IntelliJ IDEA 2019.3.3\jbr\bin\api-ms-win-crt-runtime-l1-1-0.dll
0x00007ffbe50e0000 - 0x00007ffbe50e3000 	D:\trabajos\Idea\IntelliJ IDEA 2019.3.3\jbr\bin\api-ms-win-crt-environment-l1-1-0.dll
0x00007ffbe50d0000 - 0x00007ffbe50d5000 	D:\trabajos\Idea\IntelliJ IDEA 2019.3.3\jbr\bin\api-ms-win-crt-math-l1-1-0.dll
0x00007ffbe50c0000 - 0x00007ffbe50c3000 	D:\trabajos\Idea\IntelliJ IDEA 2019.3.3\jbr\bin\api-ms-win-crt-locale-l1-1-0.dll
0x00007ffbe50b0000 - 0x00007ffbe50b3000 	D:\trabajos\Idea\IntelliJ IDEA 2019.3.3\jbr\bin\api-ms-win-crt-heap-l1-1-0.dll
0x00007ffbfbc30000 - 0x00007ffbfbeab000 	C:\Windows\WinSxS\amd64_microsoft.windows.common-controls_6595b64144ccf1df_6.0.9600.19394_none_62486577ecb635cf\COMCTL32.dll
0x00007ffc00730000 - 0x00007ffc008a7000 	C:\Windows\system32\USER32.dll
0x00007ffbe50a0000 - 0x00007ffbe50a3000 	D:\trabajos\Idea\IntelliJ IDEA 2019.3.3\jbr\bin\api-ms-win-crt-filesystem-l1-1-0.dll
0x00007ffbe4d30000 - 0x00007ffbe4d34000 	D:\trabajos\Idea\IntelliJ IDEA 2019.3.3\jbr\bin\api-ms-win-crt-string-l1-1-0.dll
0x00007ffbe4b80000 - 0x00007ffbe4b84000 	D:\trabajos\Idea\IntelliJ IDEA 2019.3.3\jbr\bin\api-ms-win-crt-convert-l1-1-0.dll
0x00007ffbfe7c0000 - 0x00007ffbfe86a000 	C:\Windows\system32\msvcrt.dll
0x00007ffc00520000 - 0x00007ffc0066c000 	C:\Windows\system32\GDI32.dll
0x00007ffbdf910000 - 0x00007ffbdfa0a000 	D:\trabajos\Idea\IntelliJ IDEA 2019.3.3\jbr\bin\ucrtbase.DLL
0x00007ffbfe780000 - 0x00007ffbfe7b6000 	C:\Windows\system32\IMM32.DLL
0x00007ffc003c0000 - 0x00007ffc00512000 	C:\Windows\system32\MSCTF.dll
0x00007ffbd7f60000 - 0x00007ffbd7ffd000 	D:\trabajos\Idea\IntelliJ IDEA 2019.3.3\jbr\bin\msvcp140.dll
0x00007ffbe2d60000 - 0x00007ffbe2d65000 	D:\trabajos\Idea\IntelliJ IDEA 2019.3.3\jbr\bin\api-ms-win-crt-multibyte-l1-1-0.dll
0x00007ffbe2d50000 - 0x00007ffbe2d53000 	D:\trabajos\Idea\IntelliJ IDEA 2019.3.3\jbr\bin\api-ms-win-crt-time-l1-1-0.dll
0x00007ffbe2740000 - 0x00007ffbe2743000 	D:\trabajos\Idea\IntelliJ IDEA 2019.3.3\jbr\bin\api-ms-win-crt-utility-l1-1-0.dll
0x00007ffbd1770000 - 0x00007ffbd222b000 	D:\trabajos\Idea\IntelliJ IDEA 2019.3.3\jbr\bin\server\jvm.dll
0x00007ffc00a50000 - 0x00007ffc00afa000 	C:\Windows\system32\ADVAPI32.dll
0x00007ffbeac30000 - 0x00007ffbeac39000 	C:\Windows\SYSTEM32\WSOCK32.dll
0x00007ffbeacd0000 - 0x00007ffbeacf2000 	C:\Windows\SYSTEM32\WINMM.dll
0x00007ffbfb7f0000 - 0x00007ffbfb7fa000 	C:\Windows\SYSTEM32\VERSION.dll
0x00007ffbfe8d0000 - 0x00007ffbfe8d7000 	C:\Windows\system32\PSAPI.DLL
0x00007ffbfeb10000 - 0x00007ffbfeb69000 	C:\Windows\SYSTEM32\sechost.dll
0x00007ffbfe9b0000 - 0x00007ffbfeaf0000 	C:\Windows\system32\RPCRT4.dll
0x00007ffbfe870000 - 0x00007ffbfe8ca000 	C:\Windows\system32\WS2_32.dll
0x00007ffbeaca0000 - 0x00007ffbeacca000 	C:\Windows\SYSTEM32\WINMMBASE.dll
0x00007ffbfe0a0000 - 0x00007ffbfe0ce000 	C:\Windows\system32\SspiCli.dll
0x00007ffbfeaf0000 - 0x00007ffbfeaf9000 	C:\Windows\system32\NSI.dll
0x00007ffbfe300000 - 0x00007ffbfe34f000 	C:\Windows\SYSTEM32\cfgmgr32.dll
0x00007ffbfcc00000 - 0x00007ffbfcc28000 	C:\Windows\SYSTEM32\DEVOBJ.dll
0x00007ffbe7c90000 - 0x00007ffbe7ca1000 	D:\trabajos\Idea\IntelliJ IDEA 2019.3.3\jbr\bin\verify.dll
0x00007ffbf72a0000 - 0x00007ffbf7429000 	C:\Windows\SYSTEM32\DBGHELP.DLL
0x00007ffbe71e0000 - 0x00007ffbe7209000 	D:\trabajos\Idea\IntelliJ IDEA 2019.3.3\jbr\bin\java.dll
0x00007ffbe71c0000 - 0x00007ffbe71d7000 	D:\trabajos\Idea\IntelliJ IDEA 2019.3.3\jbr\bin\zip.dll
0x00007ffbfb820000 - 0x00007ffbfb82b000 	D:\trabajos\Idea\IntelliJ IDEA 2019.3.3\jbr\bin\jimage.dll
0x00007ffbfeb70000 - 0x00007ffc0009b000 	C:\Windows\system32\SHELL32.dll
0x00007ffbfe3e0000 - 0x00007ffbfe5f0000 	C:\Windows\SYSTEM32\combase.dll
0x00007ffbfe650000 - 0x00007ffbfe6a4000 	C:\Windows\system32\SHLWAPI.dll
0x00007ffbfc0f0000 - 0x00007ffbfc1a2000 	C:\Windows\SYSTEM32\SHCORE.dll
0x00007ffbfddf0000 - 0x00007ffbfde05000 	C:\Windows\SYSTEM32\profapi.dll
0x00007ffbe71a0000 - 0x00007ffbe71ba000 	D:\trabajos\Idea\IntelliJ IDEA 2019.3.3\jbr\bin\net.dll
0x00007ffbe9bc0000 - 0x00007ffbe9c89000 	C:\Windows\SYSTEM32\WINHTTP.dll
0x00007ffbfd620000 - 0x00007ffbfd679000 	C:\Windows\system32\mswsock.dll
0x00007ffbe53b0000 - 0x00007ffbe53c4000 	D:\trabajos\Idea\IntelliJ IDEA 2019.3.3\jbr\bin\nio.dll
0x00007ffbe5150000 - 0x00007ffbe5176000 	C:\Users\Administrador\.gradle\native\30\windows-amd64\native-platform.dll
0x00007ffbe7bd0000 - 0x00007ffbe7bda000 	D:\trabajos\Idea\IntelliJ IDEA 2019.3.3\jbr\bin\management.dll
0x00007ffbe4ff0000 - 0x00007ffbe4ffc000 	D:\trabajos\Idea\IntelliJ IDEA 2019.3.3\jbr\bin\management_ext.dll
0x00007ffbfd680000 - 0x00007ffbfd6a0000 	C:\Windows\SYSTEM32\CRYPTSP.dll
0x00007ffbfd2f0000 - 0x00007ffbfd326000 	C:\Windows\system32\rsaenh.dll
0x00007ffbfd8d0000 - 0x00007ffbfd8f6000 	C:\Windows\SYSTEM32\bcrypt.dll
0x00007ffbfd3b0000 - 0x00007ffbfd3d1000 	C:\Windows\SYSTEM32\USERENV.dll
0x00007ffbfdc90000 - 0x00007ffbfdcf3000 	C:\Windows\system32\bcryptprimitives.dll
0x00007ffbfdde0000 - 0x00007ffbfddeb000 	C:\Windows\SYSTEM32\CRYPTBASE.dll
0x00007ffbfa8d0000 - 0x00007ffbfa8fa000 	C:\Windows\SYSTEM32\IPHLPAPI.DLL
0x00007ffbfa8c0000 - 0x00007ffbfa8ca000 	C:\Windows\SYSTEM32\WINNSI.DLL
0x00007ffbf77b0000 - 0x00007ffbf77c6000 	C:\Windows\SYSTEM32\dhcpcsvc6.DLL
0x00007ffbf7840000 - 0x00007ffbf785a000 	C:\Windows\SYSTEM32\dhcpcsvc.DLL
0x00007ffbe0ce0000 - 0x00007ffbe0d08000 	D:\trabajos\Idea\IntelliJ IDEA 2019.3.3\jbr\bin\sunec.dll
0x00007ffbfd420000 - 0x00007ffbfd4c4000 	C:\Windows\SYSTEM32\DNSAPI.dll
0x000000005d680000 - 0x000000005d6a6000 	C:\Program Files\Bonjour\mdnsNSP.dll
0x00007ffbe9e90000 - 0x00007ffbe9e9a000 	C:\Windows\System32\rasadhlp.dll
0x00007ffbf7b30000 - 0x00007ffbf7b9b000 	C:\Windows\System32\fwpuclnt.dll

dbghelp: loaded successfully - version: 4.0.5 - missing functions: none
symbol engine: initialized successfully - sym options: 0x614 - pdb path: .;D:\trabajos\Idea\IntelliJ IDEA 2019.3.3\jbr\bin;C:\Windows\SYSTEM32;C:\Windows\WinSxS\amd64_microsoft.windows.common-controls_6595b64144ccf1df_6.0.9600.19394_none_62486577ecb635cf;D:\trabajos\Idea\IntelliJ IDEA 2019.3.3\jbr\bin\server;C:\Users\Administrador\.gradle\native\30\windows-amd64;C:\Program Files\Bonjour

VM Arguments:
jvm_args: --add-opens=java.base/java.util=ALL-UNNAMED --add-opens=java.base/java.lang=ALL-UNNAMED --add-opens=java.base/java.lang.invoke=ALL-UNNAMED --add-opens=java.prefs/java.util.prefs=ALL-UNNAMED -Xmx1536m -Dfile.encoding=windows-1252 -Duser.country=CO -Duser.language=es -Duser.variant 
java_command: org.gradle.launcher.daemon.bootstrap.GradleDaemon 5.6.4
java_class_path (initial): C:\Users\Administrador\.gradle\wrapper\dists\gradle-5.6.4-all\ankdp27end7byghfw1q2sw75f\gradle-5.6.4\lib\gradle-launcher-5.6.4.jar
Launcher Type: SUN_STANDARD

[Global flags]
     intx CICompilerCount                          = 3                                         {product} {ergonomic}
     uint ConcGCThreads                            = 1                                         {product} {ergonomic}
     uint G1ConcRefinementThreads                  = 4                                         {product} {ergonomic}
   size_t G1HeapRegionSize                         = 1048576                                   {product} {ergonomic}
    uintx GCDrainStackTargetSize                   = 64                                        {product} {ergonomic}
   size_t InitialHeapSize                          = 134217728                                 {product} {ergonomic}
   size_t MarkStackSize                            = 4194304                                   {product} {ergonomic}
   size_t MaxHeapSize                              = 1610612736                                {product} {command line}
   size_t MaxNewSize                               = 965738496                                 {product} {ergonomic}
   size_t MinHeapDeltaBytes                        = 1048576                                   {product} {ergonomic}
    uintx NonNMethodCodeHeapSize                   = 5830732                                {pd product} {ergonomic}
    uintx NonProfiledCodeHeapSize                  = 122913754                              {pd product} {ergonomic}
    uintx ProfiledCodeHeapSize                     = 122913754                              {pd product} {ergonomic}
    uintx ReservedCodeCacheSize                    = 251658240                              {pd product} {ergonomic}
     bool SegmentedCodeCache                       = true                                      {product} {ergonomic}
     bool UseCompressedClassPointers               = true                                 {lp64_product} {ergonomic}
     bool UseCompressedOops                        = true                                 {lp64_product} {ergonomic}
     bool UseG1GC                                  = true                                      {product} {ergonomic}
     bool UseLargePagesIndividualAllocation        = false                                  {pd product} {ergonomic}

Logging:
Log output configuration:
 #0: stdout all=warning uptime,level,tags
 #1: stderr all=off uptime,level,tags

Environment Variables:
JAVA_HOME=C:\Program Files\Java\jdk1.8.0_101
CLASSPATH=.;C:\Program Files\Java\jdk1.8.0_101\lib;
PATH=C:\Program Files (x86)\Common Files\Oracle\Java\javapath;C:\Program Files\Java\jdk1.8.0_101\bin;C:\ProgramData\Oracle\Java\javapath;C:\Program Files (x86)\NVIDIA Corporation\PhysX\Common;C:\Windows\system32;C:\Windows;C:\Windows\System32\Wbem;C:\Windows\System32\WindowsPowerShell\v1.0\;C:\Program Files\VDownloader;C:\Program Files (x86)\QuickTime\QTSystem\;C:\Program Files (x86)\Bitvise SSH Client;D:\trabajos\bitvase;D:\node\;C:\Users\Administrador\AppData\Roaming\npm
USERNAME=Administrador
OS=Windows_NT
PROCESSOR_IDENTIFIER=Intel64 Family 6 Model 69 Stepping 1, GenuineIntel



---------------  S Y S T E M  ---------------

OS: Windows 8.1 , 64 bit Build 9600 (6.3.9600.19538)

CPU:total 4 (initial active 4) (2 cores per cpu, 2 threads per core) family 6 model 69 stepping 1, cmov, cx8, fxsr, mmx, sse, sse2, sse3, ssse3, sse4.1, sse4.2, popcnt, avx, avx2, aes, clmul, erms, lzcnt, ht, tsc, tscinvbit, bmi1, bmi2, fma

Memory: 4k page, system-wide physical 8075M (595M free)
TotalPageFile size 11147M (AvailPageFile size 41M)
current process WorkingSet (physical memory assigned to process): 503M, peak: 605M
current process commit charge ("private bytes"): 604M, peak: 669M

vm_info: OpenJDK 64-Bit Server VM (11.0.5+10-b520.38) for windows-amd64 JRE (11.0.5+10-b520.38), built on Jan 23 2020 07:58:32 by "" with MS VC++ 14.0 (VS2015)

END.
